<?xml version="1.0" encoding="utf-8"?><testsuites name="pytest tests"><testsuite name="pytest" errors="0" failures="0" skipped="0" tests="10" time="3.417" timestamp="2026-09-14T06:14:55.113518+00:00" hostname="agent-env-0d0b119e-9012-4eae-8b07-1c196f26e99d"><testcase classname="tests.test_pairing_and_regression.TestFreshPairing" name="test_1_register_user_a" time="0.390" /><testcase classname="tests.test_pairing_and_regression.TestFreshPairing" name="test_2_register_user_b" time="0.337" /><testcase classname="tests.test_pairing_and_regression.TestFreshPairing" name="test_3_user_a_creates_invite" time="0.112" /><testcase classname="tests.test_pairing_and_regression.TestFreshPairing" name="test_4_user_b_joins_wallet" time="0.133" /><testcase classname="tests.test_pairing_and_regression.TestFreshPairing" name="test_5_wallet_has_both_members" time="0.470" /><testcase classname="tests.test_pairing_and_regression.TestFreshPairing" name="test_6_shared_transactions_visible" time="0.353" /><testcase classname="tests.test_pairing_and_regression.TestRealCouplePaired" name="test_both_users_on_expected_wallet" time="0.345" /><testcase classname="tests.test_pairing_and_regression.TestRealCouplePaired" name="test_same_transactions_visible_in_db" time="0.326" /><testcase classname="tests.test_pairing_and_regression.TestSeededCoupleStillPaired" name="test_budi_sari_shared" time="0.916" /><testcase classname="tests.test_pairing_and_regression" name="test_api_ts_indonesian_network_error_present" time="0.000" /></testsuite></testsuites>