<?xml version="1.0" encoding="utf-8"?><testsuites name="pytest tests"><testsuite name="pytest" errors="0" failures="0" skipped="0" tests="14" time="6.550" timestamp="2026-09-14T05:53:09.956944+00:00" hostname="agent-env-0d0b119e-9012-4eae-8b07-1c196f26e99d"><testcase classname="tests.test_transaction_edit.TestPatchValidation" name="test_no_auth_returns_401" time="1.553" /><testcase classname="tests.test_transaction_edit.TestPatchTransactionSuccess" name="test_patch_amount_only" time="1.771" /><testcase classname="tests.test_transaction_edit.TestPatchValidation" name="test_amount_zero_returns_422" time="0.135" /><testcase classname="tests.test_transaction_edit.TestPatchValidation" name="test_unknown_category_returns_422" time="0.109" /><testcase classname="tests.test_transaction_edit.TestPatchTransactionSuccess" name="test_patch_note_only" time="0.117" /><testcase classname="tests.test_transaction_edit.TestPatchValidation" name="test_malformed_category_returns_422" time="0.114" /><testcase classname="tests.test_transaction_edit.TestPatchTransactionSuccess" name="test_patch_category_only" time="0.142" /><testcase classname="tests.test_transaction_edit.TestPatchValidation" name="test_malformed_date_returns_422" time="0.153" /><testcase classname="tests.test_transaction_edit.TestPatchTransactionSuccess" name="test_patch_combined" time="0.118" /><testcase classname="tests.test_transaction_edit.TestPatchValidation" name="test_unknown_tx_returns_404" time="0.117" /><testcase classname="tests.test_transaction_edit.TestPatchTransactionSuccess" name="test_partner_sees_edit" time="0.226" /><testcase classname="tests.test_transaction_edit.TestPatchValidation" name="test_malformed_tx_id_returns_404" time="0.124" /><testcase classname="tests.test_transaction_edit.TestPatchValidation" name="test_deleted_tx_returns_404" time="0.678" /><testcase classname="tests.test_transaction_edit.TestPatchBudgetInteraction" name="test_edit_up_and_down_moves_budget_status" time="3.868" /></testsuite></testsuites>