<?xml version="1.0" encoding="utf-8"?><testsuites name="pytest tests"><testsuite name="pytest" errors="0" failures="0" skipped="0" tests="19" time="11.128" timestamp="2026-09-14T06:40:14.520640+00:00" hostname="agent-env-0d0b119e-9012-4eae-8b07-1c196f26e99d"><testcase classname="tests.test_backend.TestAuth" name="test_me_without_token" time="0.145" /><testcase classname="tests.test_backend.TestAuth" name="test_login_email_case_insensitive" time="0.359" /><testcase classname="tests.test_backend.TestAuth" name="test_login_wrong_password" time="0.363" /><testcase classname="tests.test_backend.TestAuth" name="test_register_email" time="0.423" /><testcase classname="tests.test_backend.TestAuth" name="test_register_phone" time="0.337" /><testcase classname="tests.test_backend.TestAuth" name="test_login_phone" time="0.749" /><testcase classname="tests.test_backend.TestWalletPairing" name="test_wallet_has_both_members" time="0.799" /><testcase classname="tests.test_backend.TestWalletPairing" name="test_paired_wallet_cannot_create_invite" time="0.117" /><testcase classname="tests.test_backend.TestWalletPairing" name="test_invalid_invite_code_rejected" time="0.111" /><testcase classname="tests.test_backend.TestWalletPairing" name="test_full_pairing_flow" time="1.198" /><testcase classname="tests.test_backend.TestCategories" name="test_default_categories_present" time="0.147" /><testcase classname="tests.test_backend.TestCategories" name="test_create_and_duplicate_rejected" time="0.336" /><testcase classname="tests.test_backend.TestTransactions" name="test_create_expense_income_and_partner_sees_it" time="1.093" /><testcase classname="tests.test_backend.TestTransactions" name="test_notification_created_for_partner" time="1.358" /><testcase classname="tests.test_backend.TestSummary" name="test_summary_month" time="0.109" /><testcase classname="tests.test_backend.TestSummary" name="test_summary_period_variants" time="0.334" /><testcase classname="tests.test_backend.TestSummary" name="test_summary_owner_filter" time="0.117" /><testcase classname="tests.test_backend.TestBudgets" name="test_budget_upsert_and_warning_thresholds" time="2.495" /><testcase classname="tests.test_backend.TestUpload" name="test_upload_and_download_receipt" time="0.514" /></testsuite></testsuites>